<?xml version="1.0" encoding="UTF-8"?>
<!-- Generated by org.testng.reporters.JUnitReportReporter -->
<testsuite skipped="0" hostname="Prity-PC" name="webDriverMaven.LoginTest" tests="1" failures="0" timestamp="23 Sep 2019 04:21:49 GMT" time="10.367" errors="0">
  <testcase name="doLogin" time="10.367" classname="webDriverMaven.LoginTest"/>
</testsuite> <!-- webDriverMaven.LoginTest -->
