<?xml version="1.0" encoding="UTF-8"?>
<!-- Generated by org.testng.reporters.JUnitReportReporter -->
<testsuite skipped="0" hostname="Prity-PC" name="webDriverMaven.LoginTest" tests="1" failures="0" timestamp="23 Sep 2019 04:26:11 GMT" time="15.184" errors="0">
  <testcase name="doLogin" time="15.184" classname="webDriverMaven.LoginTest"/>
</testsuite> <!-- webDriverMaven.LoginTest -->
